<?xml version="1.0" encoding="UTF-8"?>
<!-- Generated by org.testng.reporters.JUnitReportReporter -->
<testsuite hostname="LAPTOP-086R0F2E" failures="0" tests="5" name="testNg.testNgclass" time="0.009" errors="0" timestamp="2021-01-03T11:36:10 IST" skipped="0">
  <testcase classname="testNg.testNgclass" name="opentheurl" time="0.002"/>
  <system-out/>
  <testcase classname="testNg.testNgclass" name="mobileTest" time="0.002"/>
  <system-out/>
  <testcase classname="testNg.testNgclass" name="clickonelement" time="0.002"/>
  <system-out/>
  <testcase classname="testNg.testNgclass" name="typeontextbox" time="0.001"/>
  <system-out/>
  <testcase classname="testNg.testNgclass" name="launchthebrowser" time="0.002"/>
  <system-out/>
</testsuite> <!-- testNg.testNgclass -->
