<?xml version="1.0" encoding="UTF-8"?>
<!-- Generated by org.testng.reporters.JUnitReportReporter -->
<testsuite hostname="LAPTOP-086R0F2E" failures="0" tests="1" name="testNg1.Parametristation" time="0.011" errors="0" timestamp="2021-01-03T11:36:23 IST" skipped="0">
  <testcase classname="testNg1.Parametristation" name="para" time="0.011"/>
  <system-out/>
</testsuite> <!-- testNg1.Parametristation -->
