<?xml version="1.0" encoding="UTF-8"?>
<!-- Generated by org.testng.reporters.JUnitReportReporter -->
<testsuite hostname="LAPTOP-086R0F2E" failures="0" tests="3" name="DataDriventesting.NewTest" time="0.013" errors="0" timestamp="2021-02-04T23:45:23 IST" skipped="1">
  <testcase classname="DataDriventesting.NewTest" name="LaunchBrowser" time="0.011"/>
  <system-out/>
  <testcase classname="DataDriventesting.NewTest" name="navigatetogmailpage" time="0.002"/>
  <system-out/>
  <testcase classname="DataDriventesting.NewTest" name="EnterIdandPassword" time="0.000">
    <skipped/>
  </testcase> <!-- EnterIdandPassword -->
  <system-out/>
</testsuite> <!-- DataDriventesting.NewTest -->
