<?xml version="1.0" encoding="UTF-8"?>
<!-- Generated by org.testng.reporters.JUnitReportReporter -->
<testsuite hostname="LAPTOP-086R0F2E" failures="0" tests="3" name="testNg.DataProviderAnnotation" time="0.008" errors="0" timestamp="2021-01-03T11:36:10 IST" skipped="0">
  <testcase classname="testNg.DataProviderAnnotation" name="gmail" time="0.002"/>
  <system-out/>
  <testcase classname="testNg.DataProviderAnnotation" name="gmail" time="0.002"/>
  <system-out/>
  <testcase classname="testNg.DataProviderAnnotation" name="gmail" time="0.004"/>
  <system-out/>
</testsuite> <!-- testNg.DataProviderAnnotation -->
