<?xml version="1.0" encoding="UTF-8"?>
<!-- Generated by org.testng.reporters.JUnitReportReporter -->
<testsuite hostname="LAPTOP-086R0F2E" failures="0" tests="2" name="testNg.seleniumclass" time="0.003" errors="0" timestamp="2021-01-03T11:36:10 IST" skipped="0">
  <testcase classname="testNg.seleniumclass" name="selenium1sttest" time="0.002"/>
  <system-out/>
  <testcase classname="testNg.seleniumclass" name="selenium2ndTest" time="0.001"/>
  <system-out/>
</testsuite> <!-- testNg.seleniumclass -->
